<?xml version="1.0" encoding="UTF-8"?>
<testng-results ignored="0" total="1" passed="1" failed="0" skipped="0">
  <reporter-output>
  </reporter-output>
  <suite started-at="2024-06-29T15:42:44 NPT" name="Default suite" finished-at="2024-06-29T15:45:53 NPT" duration-ms="189445">
    <groups>
    </groups>
    <test started-at="2024-06-29T15:42:44 NPT" name="Default test" finished-at="2024-06-29T15:45:53 NPT" duration-ms="189445">
      <class name="tests.Tests">
        <test-method is-config="true" signature="setup()[pri:0, instance:tests.Tests@1b11ef33]" started-at="2024-06-29T15:42:44 NPT" name="setup" finished-at="2024-06-29T15:42:44 NPT" duration-ms="75" status="PASS">
          <reporter-output>
          </reporter-output>
        </test-method> <!-- setup -->
        <test-method is-config="true" signature="setUpTest()[pri:0, instance:tests.Tests@1b11ef33]" started-at="2024-06-29T15:42:44 NPT" name="setUpTest" finished-at="2024-06-29T15:42:47 NPT" duration-ms="3288" status="PASS">
          <reporter-output>
          </reporter-output>
        </test-method> <!-- setUpTest -->
        <test-method signature="Test1()[pri:0, instance:tests.Tests@1b11ef33]" started-at="2024-06-29T15:42:47 NPT" name="Test1" finished-at="2024-06-29T15:45:53 NPT" duration-ms="186120" status="PASS">
          <reporter-output>
          </reporter-output>
        </test-method> <!-- Test1 -->
        <test-method is-config="true" signature="TearDown()[pri:0, instance:tests.Tests@1b11ef33]" started-at="2024-06-29T15:45:53 NPT" name="TearDown" finished-at="2024-06-29T15:45:56 NPT" duration-ms="2607" status="PASS">
          <reporter-output>
          </reporter-output>
        </test-method> <!-- TearDown -->
      </class> <!-- tests.Tests -->
    </test> <!-- Default test -->
  </suite> <!-- Default suite -->
</testng-results>
